Sat Oct 31 21:32:16 CET 2020


=====================CUB3D DESTROYER - DAMAGE REPORT=====================


==========================[DESTROYED STUFF # 1]==========================
./invalid_maps/invalid_RGB_003.cub
R 1080 720
NO ./wolftex/greystone.png
SO ./wolftex/redbrick.png
EA ./wolftex/wood.png
WE ./wolftex/wood.png
S ./wolftex/barrel.png
C 255,200,160


11111111111111111
10000000000000001
10200000200000201
10000000000000001
10002000200020001
10000000000000001
10202020N02020201
10000000000000001
10002000200200001
10000000000000001
10200000200002001
10000000000000001
11111111111111111

PARSER OUTPUT:
[No parser output]
==========================[DESTROYED STUFF # 2]==========================
./invalid_maps/invalid_RGB_004.cub
R 1080 720
NO ./wolftex/greystone.png
SO ./wolftex/redbrick.png
EA ./wolftex/wood.png
WE ./wolftex/wood.png
S ./wolftex/barrel.png

F 122,122,122

11111111111111111
10000000000000001
10200000200000201
10000000000000001
10002000200020001
10000000000000001
10202020N02020201
10000000000000001
10002000200200001
10000000000000001
10200000200002001
10000000000000001
11111111111111111

PARSER OUTPUT:
[No parser output]
==========================[DESTROYED STUFF # 3]==========================
./invalid_maps/invalid_RGB_008.cub
R 1080 720
NO ./wolftex/greystone.png
SO ./wolftex/redbrick.png
EA ./wolftex/wood.png
WE ./wolftex/wood.png
S ./wolftex/barrel.png
C 255,200,160s
F 122,122,122

11111111111111111
10000000000000001
10200000200000201
10000000000000001
10002000200020001
10000000000000001
10202020N02020201
10000000000000001
10002000200200001
10000000000000001
10200000200002001
10000000000000001
11111111111111111

PARSER OUTPUT:
[No parser output]
==========================[DESTROYED STUFF # 4]==========================
./invalid_maps/invalid_RGB_015.cub
R 1080 720
NO ./wolftex/greystone.png
SO ./wolftex/redbrick.png
EA ./wolftex/wood.png
WE ./wolftex/wood.png
S ./wolftex/barrel.png
C 255,200,2160
F 122,122,122

11111111111111111
10000000000000001
10200000200000201
10000000000000001
10002000200020001
10000000000000001
10202020N02020201
10000000000000001
10002000200200001
10000000000000001
10200000200002001
10000000000000001
11111111111111111

PARSER OUTPUT:
[No parser output]
==========================[DESTROYED STUFF # 5]==========================
./invalid_maps/invalid_RGB_016.cub
R 1080 720
NO ./wolftex/greystone.png
SO ./wolftex/redbrick.png
EA ./wolftex/wood.png
WE ./wolftex/wood.png
S ./wolftex/barrel.png
C 255,2200,160
F 122,122,122

11111111111111111
10000000000000001
10200000200000201
10000000000000001
10002000200020001
10000000000000001
10202020N02020201
10000000000000001
10002000200200001
10000000000000001
10200000200002001
10000000000000001
11111111111111111

PARSER OUTPUT:
[No parser output]
==========================[DESTROYED STUFF # 6]==========================
./invalid_maps/invalid_RGB_017.cub
R 1080 720
NO ./wolftex/greystone.png
SO ./wolftex/redbrick.png
EA ./wolftex/wood.png
WE ./wolftex/wood.png
S ./wolftex/barrel.png
C 2255,200,160
F 122,122,122

11111111111111111
10000000000000001
10200000200000201
10000000000000001
10002000200020001
10000000000000001
10202020N02020201
10000000000000001
10002000200200001
10000000000000001
10200000200002001
10000000000000001
11111111111111111

PARSER OUTPUT:
[No parser output]
==========================[DESTROYED STUFF # 7]==========================
./invalid_maps/invalid_RGB_018.cub
R 1080 720
NO ./wolftex/greystone.png
SO ./wolftex/redbrick.png
EA ./wolftex/wood.png
WE ./wolftex/wood.png
S ./wolftex/barrel.png
C 255,200,160,
F 122,122,122

11111111111111111
10000000000000001
10200000200000201
10000000000000001
10002000200020001
10000000000000001
10202020N02020201
10000000000000001
10002000200200001
10000000000000001
10200000200002001
10000000000000001
11111111111111111

PARSER OUTPUT:
[No parser output]
==========================[DESTROYED STUFF # 8]==========================
./invalid_maps/invalid_RGB_022.cub
R 1080 720
NO ./wolftex/greystone.png
SO ./wolftex/redbrick.png
EA ./wolftex/wood.png
WE ./wolftex/wood.png
S ./wolftex/barrel.png
C 255,200,200
F 122,122,122,

11111111111111111
10000000000000001
10200000200000201
10000000000000001
10002000200020001
10000000000000001
10202020N02020201
10000000000000001
10002000200200001
10000000000000001
10200000200002001
10000000000000001
11111111111111111

PARSER OUTPUT:
[No parser output]
==========================[DESTROYED STUFF # 9]==========================
./invalid_maps/invalid_RGB_028.cub
R 1080 720
NO ./wolftex/greystone.png
SO ./wolftex/redbrick.png
EA ./wolftex/wood.png
WE ./wolftex/wood.png
S ./wolftex/barrel.png
C 255,200,200
F 122,122,122, 200

11111111111111111
10000000000000001
10200000200000201
10000000000000001
10002000200020001
10000000000000001
10202020N02020201
10000000000000001
10002000200200001
10000000000000001
10200000200002001
10000000000000001
11111111111111111

PARSER OUTPUT:
[No parser output]
==========================[DESTROYED STUFF #10]==========================
./invalid_maps/invalid_RGB_034.cub
R 1080 720
NO ./wolftex/greystone.png
SO ./wolftex/redbrick.png
EA ./wolftex/wood.png
WE ./wolftex/wood.png
S ./wolftex/barrel.png
F 122,122,122 C 200,200,200

11111111111111111
10000000000000001
10200000200000201
10000000000000001
10002000200020001
10000000000000001
10202020N02020201
10000000000000001
10002000200200001
10000000000000001
10200000200002001
10000000000000001
11111111111111111

PARSER OUTPUT:
[No parser output]
==========================[DESTROYED STUFF #11]==========================
./invalid_maps/invalid_RGB_035.cub
R 1080 720
NO ./wolftex/greystone.png
SO ./wolftex/redbrick.png
EA ./wolftex/wood.png
WE ./wolftex/wood.png
S ./wolftex/barrel.png
C 255,200,200 F 122,122,122

11111111111111111
10000000000000001
10200000200000201
10000000000000001
10002000200020001
10000000000000001
10202020N02020201
10000000000000001
10002000200200001
10000000000000001
10200000200002001
10000000000000001
11111111111111111

PARSER OUTPUT:
[No parser output]
==========================[DESTROYED STUFF #12]==========================
./invalid_maps/invalid_RGB_036.cub
R 1080 720
NO ./wolftex/greystone.png
SO ./wolftex/redbrick.png
EA ./wolftex/wood.png
WE ./wolftex/wood.png
S ./wolftex/barrel.png
C 255,200,200        2      
F 122,122,122

11111111111111111
10000000000000001
10200000200000201
10000000000000001
10002000200020001
10000000000000001
10202020N02020201
10000000000000001
10002000200200001
10000000000000001
10200000200002001
10000000000000001
11111111111111111

PARSER OUTPUT:
[No parser output]
==========================[DESTROYED STUFF #13]==========================
./invalid_maps/invalid_RGB_037.cub
R 1080 720
NO ./wolftex/greystone.png
SO ./wolftex/redbrick.png
EA ./wolftex/wood.png
WE ./wolftex/wood.png
S ./wolftex/barrel.png


11111111111111111
10000000000000001
10200000200000201
10000000000000001
10002000200020001
10000000000000001
10202020N02020201
10000000000000001
10002000200200001
10000000000000001
10200000200002001
10000000000000001
11111111111111111

PARSER OUTPUT:
[No parser output]
==========================[DESTROYED STUFF #14]==========================
./invalid_maps/invalid_RGB_038.cub
R 1080 720
NO ./wolftex/greystone.png
SO ./wolftex/redbrick.png
EA ./wolftex/wood.png
WE ./wolftex/wood.png
S ./wolftex/barrel.png
C 255,200,200
F 122,122,122
F 122,122,122

11111111111111111
10000000000000001
10200000200000201
10000000000000001
10002000200020001
10000000000000001
10202020N02020201
10000000000000001
10002000200200001
10000000000000001
10200000200002001
10000000000000001
11111111111111111

PARSER OUTPUT:
[No parser output]
==========================[DESTROYED STUFF #15]==========================
./invalid_maps/invalid_RGB_039.cub
R 1080 720
NO ./wolftex/greystone.png
SO ./wolftex/redbrick.png
EA ./wolftex/wood.png
WE ./wolftex/wood.png
S ./wolftex/barrel.png
C 255,200,200
C 255,200,200
F 122,122,122

11111111111111111
10000000000000001
10200000200000201
10000000000000001
10002000200020001
10000000000000001
10202020N02020201
10000000000000001
10002000200200001
10000000000000001
10200000200002001
10000000000000001
11111111111111111

PARSER OUTPUT:
[No parser output]
==========================[DESTROYED STUFF #16]==========================
./invalid_maps/invalid_RGB_041.cub
R 1080 720
NO ./wolftex/greystone.png
SO ./wolftex/redbrick.png
EA ./wolftex/wood.png
WE ./wolftex/wood.png
S ./wolftex/barrel.png
C 255,200,200

11111111111111111
10000000000000001
10200000200000201
10000000000000001
10002000200020001
10000000000000001
10202020N02020201
10000000000000001
10002000200200001
10000000000000001
10200000200002001
10000000000000001
11111111111111111

PARSER OUTPUT:
[No parser output]
==========================[DESTROYED STUFF #17]==========================
./invalid_maps/invalid_RGB_042.cub
R 1080 720
NO ./wolftex/greystone.png
SO ./wolftex/redbrick.png
EA ./wolftex/wood.png
WE ./wolftex/wood.png
S ./wolftex/barrel.png
F 122,122,122

11111111111111111
10000000000000001
10200000200000201
10000000000000001
10002000200020001
10000000000000001
10202020N02020201
10000000000000001
10002000200200001
10000000000000001
10200000200002001
10000000000000001
11111111111111111

PARSER OUTPUT:
[No parser output]
==========================[DESTROYED STUFF #18]==========================
./invalid_maps/invalid_map_area_002.cub
R 1080 720
NO ./wolftex/greystone.png
SO ./wolftex/redbrick.png
EA ./wolftex/wood.png
WE ./wolftex/wood.png
S ./wolftex/barrel.png
C 255,200,160
F 122,122,122

11111111111111111
10000000000000001
10200000200000201
10000000000000001
10002000200020001
10000000000000001
10202020N02020201
10000000000000001
10002000200200001
10000000000000001
10200000200002001
10000000000000001
11111111111111110

PARSER OUTPUT:
[No parser output]
==========================[DESTROYED STUFF #19]==========================
./invalid_maps/invalid_map_area_003.cub
R 1080 720
NO ./wolftex/greystone.png
SO ./wolftex/redbrick.png
EA ./wolftex/wood.png
WE ./wolftex/wood.png
S ./wolftex/barrel.png
C 255,200,160
F 122,122,122

11111111111111111
10000000000000001
10200000200000201
10000000000000001
10002000200020001
10000000N00000001
10202020002020201
10000000000000001
10002000200200001
10000000000000001
10200000200002001
10000000000000001
01111111111111111

PARSER OUTPUT:
[No parser output]
==========================[DESTROYED STUFF #20]==========================
./invalid_maps/invalid_map_area_005.cub
R 1080 720
NO ./wolftex/greystone.png
SO ./wolftex/redbrick.png
EA ./wolftex/wood.png
WE ./wolftex/wood.png
S ./wolftex/barrel.png
C 255,200,160
F 122,122,122

11111111111111111
10000000000000001
10200000200000201
10000000000000001
10002000200020001
10000000000000001
10202020002020201
10000000000000001
10002000200200001
10000000000000001
10200000200002001
10000000000000001
11111111111111111

PARSER OUTPUT:
[No parser output]
==========================[DESTROYED STUFF #21]==========================
./invalid_maps/invalid_map_area_006.cub
R 1080 720
NO ./wolftex/greystone.png
SO ./wolftex/redbrick.png
EA ./wolftex/wood.png
WE ./wolftex/wood.png
S ./wolftex/barrel.png
C 255,200,160
F 122,122,122

11111111N11111111
10000000000000001
10200000200000201
10000000000000001
10002000200020001
10000000000000001
10202020002020201
10000000000000001
10002000200200001
10000000000000001
10200000200002001
10000000000000001
11111111111111111

PARSER OUTPUT:
[No parser output]
==========================[DESTROYED STUFF #22]==========================
./invalid_maps/invalid_map_area_007.cub
R 1080 720
NO ./wolftex/greystone.png
SO ./wolftex/redbrick.png
EA ./wolftex/wood.png
WE ./wolftex/wood.png
S ./wolftex/barrel.png
C 255,200,160
F 122,122,122

        1
11111111N11111111
10000000000000001
10200000200000201
10000000000000001
10002000200020001
10000000000000001
10202020002020201
10000000000000001
10002000200200001
10000000000000001
10200000200002001
10000000000000001
11111111111111111

PARSER OUTPUT:
[No parser output]
==========================[DESTROYED STUFF #23]==========================
./invalid_maps/invalid_map_area_012.cub
R 1080 720
NO ./wolftex/greystone.png
SO ./wolftex/redbrick.png
EA ./wolftex/wood.png
WE ./wolftex/wood.png
S ./wolftex/barrel.png
C 255,200,160
F 122,122,122

11
11

PARSER OUTPUT:
[No parser output]
==========================[DESTROYED STUFF #24]==========================
./invalid_maps/invalid_map_area_013.cub
R 1080 720
NO ./wolftex/greystone.png
SO ./wolftex/redbrick.png
EA ./wolftex/wood.png
WE ./wolftex/wood.png
S ./wolftex/barrel.png
C 255,200,160
F 122,122,122

111
101
111

PARSER OUTPUT:
[No parser output]
==========================[DESTROYED STUFF #25]==========================
./invalid_maps/invalid_map_area_014.cub
R 1080 720
NO ./wolftex/greystone.png
SO ./wolftex/redbrick.png
EA ./wolftex/wood.png
WE ./wolftex/wood.png
S ./wolftex/barrel.png
C 255,200,160
F 122,122,122

111
121
111

PARSER OUTPUT:
[No parser output]
==========================[DESTROYED STUFF #26]==========================
./invalid_maps/invalid_map_area_015.cub
R 1080 720
NO ./wolftex/greystone.png
SO ./wolftex/redbrick.png
EA ./wolftex/wood.png
WE ./wolftex/wood.png
S ./wolftex/barrel.png
C 255,200,160
F 122,122,122


PARSER OUTPUT:
[No parser output]
==========================[DESTROYED STUFF #27]==========================
./invalid_maps/invalid_map_area_016.cub
R 1080 720
NO ./wolftex/greystone.png
SO ./wolftex/redbrick.png
EA ./wolftex/wood.png
WE ./wolftex/wood.png
S ./wolftex/barrel.png
C 255,200,160
F 122,122,122

1

PARSER OUTPUT:
[No parser output]
==========================[DESTROYED STUFF #28]==========================
./invalid_maps/invalid_map_area_017.cub
R 1080 720
NO ./wolftex/greystone.png
SO ./wolftex/redbrick.png
EA ./wolftex/wood.png
WE ./wolftex/wood.png
S ./wolftex/barrel.png
C 255,200,160
F 122,122,122

0

PARSER OUTPUT:
[No parser output]
==========================[DESTROYED STUFF #29]==========================
./invalid_maps/invalid_map_area_019.cub
R 1080 720
NO ./wolftex/greystone.png
SO ./wolftex/redbrick.png
EA ./wolftex/wood.png
WE ./wolftex/wood.png
S ./wolftex/barrel.png
C 255,200,160
F 122,122,122

1111111111111111N
10000000000000001
10200000200000201
10000000000000001
10002000200020001
10000000000000001
10202020002020201
10000000000000001
10002000200200001
10000000000000001
10200000200002001
10000000000000001
11111111111111111

PARSER OUTPUT:
[No parser output]
==========================[DESTROYED STUFF #30]==========================
./invalid_maps/invalid_map_area_020.cub
R 1080 720
NO ./wolftex/greystone.png
SO ./wolftex/redbrick.png
EA ./wolftex/wood.png
WE ./wolftex/wood.png
S ./wolftex/barrel.png
C 255,200,160
F 122,122,122

11111111111111112
10000000000000001
10200000200000201
10000000000000001
10002000200020001
10000000000000001
10202020N02020201
10000000000000001
10002000200200001
10000000000000001
10200000200002001
10000000000000001
11111111111111111

PARSER OUTPUT:
[No parser output]
==========================[DESTROYED STUFF #31]==========================
./invalid_maps/invalid_map_area_021.cub
R 1080 720
NO ./wolftex/greystone.png
SO ./wolftex/redbrick.png
EA ./wolftex/wood.png
WE ./wolftex/wood.png
S ./wolftex/barrel.png
C 255,200,160
F 122,122,122

11111111111111111
10000000000000001
10200000200000201
10000000000000001
10002000200020001
10000000000000001
10202020N02020201
10000000000000001
10002000200200001
10000000000000001
10200000200002001
10000000000000001
11111111111111112

PARSER OUTPUT:
[No parser output]
==========================[DESTROYED STUFF #32]==========================
./invalid_maps/invalid_map_area_022.cub
R 1080 720
NO ./wolftex/greystone.png
SO ./wolftex/redbrick.png
EA ./wolftex/wood.png
WE ./wolftex/wood.png
S ./wolftex/barrel.png
C 255,200,160
F 122,122,122

11111111111111111
10000000000000001
10200000200000201
10000000000000001
10002000200020001
10000000000000001
10202020N02020201
10000000000000001
10002000200200001
10000000000000001
10200000200002001
10000000000000001
21111111111111111

PARSER OUTPUT:
[No parser output]
==========================[DESTROYED STUFF #33]==========================
./invalid_maps/invalid_map_area_023.cub
R 1080 720
NO ./wolftex/greystone.png
SO ./wolftex/redbrick.png
EA ./wolftex/wood.png
WE ./wolftex/wood.png
S ./wolftex/barrel.png
C 255,200,160
F 122,122,122

21111111111111111
10000000000000001
10200000200000201
10000000000000001
10002000200020001
10000000000000001
10202020N02020201
10000000000000001
10002000200200001
10000000000000001
10200000200002001
10000000000000001
11111111111111112

PARSER OUTPUT:
[No parser output]
==========================[DESTROYED STUFF #34]==========================
./invalid_maps/invalid_map_area_025.cub
R 1080 720
NO ./wolftex/greystone.png
SO ./wolftex/redbrick.png
EA ./wolftex/wood.png
WE ./wolftex/wood.png
S ./wolftex/barrel.png
C 255,200,160
F 122,122,122

11111111111111111
10000000000000001
10200000200000201
10000000000000001
10002000200020001
10000000000000001   11
10202020002020201   1N1
10000000000000001   111
10002000200200001
10000000000000001
10200000200002001
10000000000000001
11111111111111111

PARSER OUTPUT:
[No parser output]
==========================[DESTROYED STUFF #35]==========================
./invalid_maps/invalid_res_000.cub
R 100 72s0
NO ./wolftex/greystone.png
SO ./wolftex/redbrick.png
EA ./wolftex/wood.png
WE ./wolftex/wood.png
S ./wolftex/barrel.png
C 255,200,160
F 122,122,122

11111111111111111
10000000000000001
10200000200000201
10000000000000001
10002000200020001
10000000000000001
10202020N02020201
10000000000000001
10002000200200001
10000000000000001
10200000200002001
10000000000000001
11111111111111111

PARSER OUTPUT:
[No parser output]
==========================[DESTROYED STUFF #36]==========================
./invalid_maps/invalid_res_001.cub
R -+1 -720
NO ./wolftex/greystone.png
SO ./wolftex/redbrick.png
EA ./wolftex/wood.png
WE ./wolftex/wood.png
S ./wolftex/barrel.png
C 255,200,160
F 122,122,122

11111111111111111
10000000000000001
10200000200000201
10000000000000001
10002000200020001
10000000000000001
10202020N02020201
10000000000000001
10002000200200001
10000000000000001
10200000200002001
10000000000000001
11111111111111111

PARSER OUTPUT:
[No parser output]
==========================[DESTROYED STUFF #37]==========================
./invalid_maps/invalid_res_003.cub
R a 720
NO ./wolftex/greystone.png
SO ./wolftex/redbrick.png
EA ./wolftex/wood.png
WE ./wolftex/wood.png
S ./wolftex/barrel.png
C 255,200,160
F 122,122,122

11111111111111111
10000000000000001
10200000200000201
10000000000000001
10002000200020001
10000000000000001
10202020N02020201
10000000000000001
10002000200200001
10000000000000001
10200000200002001
10000000000000001
11111111111111111

PARSER OUTPUT:
[No parser output]
==========================[DESTROYED STUFF #38]==========================
./invalid_maps/invalid_res_004.cub
R 1080 -0
NO ./wolftex/greystone.png
SO ./wolftex/redbrick.png
EA ./wolftex/wood.png
WE ./wolftex/wood.png
S ./wolftex/barrel.png
C 255,200,160
F 122,122,122

11111111111111111
10000000000000001
10200000200000201
10000000000000001
10002000200020001
10000000000000001
10202020N02020201
10000000000000001
10002000200200001
10000000000000001
10200000200002001
10000000000000001
11111111111111111

PARSER OUTPUT:
[No parser output]
==========================[DESTROYED STUFF #39]==========================
./invalid_maps/invalid_res_006.cub
R 1080 a
NO ./wolftex/greystone.png
SO ./wolftex/redbrick.png
EA ./wolftex/wood.png
WE ./wolftex/wood.png
S ./wolftex/barrel.png
C 255,200,160
F 122,122,122

11111111111111111
10000000000000001
10200000200000201
10000000000000001
10002000200020001
10000000000000001
10202020N02020201
10000000000000001
10002000200200001
10000000000000001
10200000200002001
10000000000000001
11111111111111111

PARSER OUTPUT:
[No parser output]
==========================[DESTROYED STUFF #40]==========================
./invalid_maps/invalid_res_007.cub
R 1080720
NO ./wolftex/greystone.png
SO ./wolftex/redbrick.png
EA ./wolftex/wood.png
WE ./wolftex/wood.png
S ./wolftex/barrel.png
C 255,200,160
F 122,122,122

11111111111111111
10000000000000001
10200000200000201
10000000000000001
10002000200020001
10000000000000001
10202020N02020201
10000000000000001
10002000200200001
10000000000000001
10200000200002001
10000000000000001
11111111111111111

PARSER OUTPUT:
[No parser output]
==========================[DESTROYED STUFF #41]==========================
./invalid_maps/invalid_res_008.cub
R 1080, 720
NO ./wolftex/greystone.png
SO ./wolftex/redbrick.png
EA ./wolftex/wood.png
WE ./wolftex/wood.png
S ./wolftex/barrel.png
C 255,200,160
F 122,122,122

11111111111111111
10000000000000001
10200000200000201
10000000000000001
10002000200020001
10000000000000001
10202020N02020201
10000000000000001
10002000200200001
10000000000000001
10200000200002001
10000000000000001
11111111111111111

PARSER OUTPUT:
[No parser output]
==========================[DESTROYED STUFF #42]==========================
./invalid_maps/invalid_res_009.cub
R 1080 720s
NO ./wolftex/greystone.png
SO ./wolftex/redbrick.png
EA ./wolftex/wood.png
WE ./wolftex/wood.png
S ./wolftex/barrel.png
C 255,200,160
F 122,122,122

11111111111111111
10000000000000001
10200000200000201
10000000000000001
10002000200020001
10000000000000001
10202020N02020201
10000000000000001
10002000200200001
10000000000000001
10200000200002001
10000000000000001
11111111111111111

PARSER OUTPUT:
[No parser output]
==========================[DESTROYED STUFF #43]==========================
./invalid_maps/invalid_res_011.cub
R 1080 720 100
NO ./wolftex/greystone.png
SO ./wolftex/redbrick.png
EA ./wolftex/wood.png
WE ./wolftex/wood.png
S ./wolftex/barrel.png
C 255,200,160
F 122,122,122

11111111111111111
10000000000000001
10200000200000201
10000000000000001
10002000200020001
10000000000000001
10202020N02020201
10000000000000001
10002000200200001
10000000000000001
10200000200002001
10000000000000001
11111111111111111

PARSER OUTPUT:
[No parser output]
==========================[DESTROYED STUFF #44]==========================
./invalid_maps/invalid_res_013.cub

NO ./wolftex/greystone.png
SO ./wolftex/redbrick.png
EA ./wolftex/wood.png
WE ./wolftex/wood.png
S ./wolftex/barrel.png
C 255,200,160
F 122,122,122

11111111111111111
10000000000000001
10200000200000201
10000000000000001
10002000200020001
10000000000000001
10202020N02020201
10000000000000001
10002000200200001
10000000000000001
10200000200002001
10000000000000001
11111111111111111

PARSER OUTPUT:
[No parser output]
==========================[DESTROYED STUFF #45]==========================
./invalid_maps/invalid_res_014.cub
R 0 0
NO ./wolftex/greystone.png
SO ./wolftex/redbrick.png
EA ./wolftex/wood.png
WE ./wolftex/wood.png
S ./wolftex/barrel.png
C 255,200,160
F 122,122,122

11111111111111111
10000000000000001
10200000200000201
10000000000000001
10002000200020001
10000000000000001
10202020N02020201
10000000000000001
10002000200200001
10000000000000001
10200000200002001
10000000000000001
11111111111111111

PARSER OUTPUT:
[No parser output]
==========================[DESTROYED STUFF #46]==========================
./invalid_maps/invalid_res_016.cub
NOR 200 720
NO ./wolftex/greystone.png
SO ./wolftex/redbrick.png
EA ./wolftex/wood.png
WE ./wolftex/wood.png
S ./wolftex/barrel.png
C 255,200,160
F 122,122,122

11111111111111111
10000000000000001
10200000200000201
10000000000000001
10002000200020001
10000000000000001
10202020N02020201
10000000000000001
10002000200200001
10000000000000001
10200000200002001
10000000000000001
11111111111111111

PARSER OUTPUT:
[No parser output]
==========================[DESTROYED STUFF #47]==========================
./invalid_maps/invalid_res_021.cub
R 100
720
NO ./wolftex/greystone.png
SO ./wolftex/redbrick.png
EA ./wolftex/wood.png
WE ./wolftex/wood.png
S ./wolftex/barrel.png
C 255,200,160
F 122,122,122

11111111111111111
10000000000000001
10200000200000201
10000000000000001
10002000200020001
10000000000000001
10202020N02020201
10000000000000001
10002000200200001
10000000000000001
10200000200002001
10000000000000001
11111111111111111

PARSER OUTPUT:
[No parser output]
==========================[DESTROYED STUFF #48]==========================
./invalid_maps/invalid_res_022.cub
R 110 
                720
NO ./wolftex/greystone.png
SO ./wolftex/redbrick.png
EA ./wolftex/wood.png
WE ./wolftex/wood.png
S ./wolftex/barrel.png
C 255,200,160
F 122,122,122

11111111111111111
10000000000000001
10200000200000201
10000000000000001
10002000200020001
10000000000000001
10202020N02020201
10000000000000001
10002000200200001
10000000000000001
10200000200002001
10000000000000001
11111111111111111

PARSER OUTPUT:
[No parser output]
==========================[DESTROYED STUFF #49]==========================
./invalid_maps/invalid_res_023.cub
R 100                                                      720-
NO ./wolftex/greystone.png
SO ./wolftex/redbrick.png
EA ./wolftex/wood.png
WE ./wolftex/wood.png
S ./wolftex/barrel.png
C 255,200,160
F 122,122,122

11111111111111111
10000000000000001
10200000200000201
10000000000000001
10002000200020001
10000000000000001
10202020N02020201
10000000000000001
10002000200200001
10000000000000001
10200000200002001
10000000000000001
11111111111111111

PARSER OUTPUT:
[No parser output]
==========================[DESTROYED STUFF #50]==========================
./invalid_maps/invalid_res_024.cub
R 10s0 720
NO ./wolftex/greystone.png
SO ./wolftex/redbrick.png
EA ./wolftex/wood.png
WE ./wolftex/wood.png
S ./wolftex/barrel.png
C 255,200,160
F 122,122,122

11111111111111111
10000000000000001
10200000200000201
10000000000000001
10002000200020001
10000000000000001
10202020N02020201
10000000000000001
10002000200200001
10000000000000001
10200000200002001
10000000000000001
11111111111111111

PARSER OUTPUT:
[No parser output]
==========================[DESTROYED STUFF #51]==========================
./invalid_maps/invalid_res_025.cub
R 4294967900 720
NO ./wolftex/greystone.png
SO ./wolftex/redbrick.png
EA ./wolftex/wood.png
WE ./wolftex/wood.png
S ./wolftex/barrel.png
C 255,200,160
F 122,122,122

11111111111111111
10000000000000001
10200000200000201
10000000000000001
10002000200020001
10000000000000001
10202020N02020201
10000000000000001
10002000200200001
10000000000000001
10200000200002001
10000000000000001
11111111111111111

PARSER OUTPUT:
[No parser output]
==========================[DESTROYED STUFF #52]==========================
./invalid_maps/invalid_res_026.cub
R 10s0 4294967900
NO ./wolftex/greystone.png
SO ./wolftex/redbrick.png
EA ./wolftex/wood.png
WE ./wolftex/wood.png
S ./wolftex/barrel.png
C 255,200,160
F 122,122,122

11111111111111111
10000000000000001
10200000200000201
10000000000000001
10002000200020001
10000000000000001
10202020N02020201
10000000000000001
10002000200200001
10000000000000001
10200000200002001
10000000000000001
11111111111111111

PARSER OUTPUT:
[No parser output]
==========================[DESTROYED STUFF #53]==========================
./invalid_maps/invalid_res_027.cub
R 4294967900 4294967900
NO ./wolftex/greystone.png
SO ./wolftex/redbrick.png
EA ./wolftex/wood.png
WE ./wolftex/wood.png
S ./wolftex/barrel.png
C 255,200,160
F 122,122,122

11111111111111111
10000000000000001
10200000200000201
10000000000000001
10002000200020001
10000000000000001
10202020N02020201
10000000000000001
10002000200200001
10000000000000001
10200000200002001
10000000000000001
11111111111111111

PARSER OUTPUT:
[No parser output]
==========================[DESTROYED STUFF #54]==========================
./invalid_maps/invalid_res_028.cub
R one-thousand-ninehundred-and-twenty one-thousand-and-eighty
NO ./wolftex/greystone.png
SO ./wolftex/redbrick.png
EA ./wolftex/wood.png
WE ./wolftex/wood.png
S ./wolftex/barrel.png
C 255,200,160
F 122,122,122

11111111111111111
10000000000000001
10200000200000201
10000000000000001
10002000200020001
10000000000000001
10202020N02020201
10000000000000001
10002000200200001
10000000000000001
10200000200002001
10000000000000001
11111111111111111

PARSER OUTPUT:
[No parser output]
==========================[DESTROYED STUFF #55]==========================
./invalid_maps/invalid_res_029.cub
R ./wolftex/greystone.png
NO ./wolftex/greystone.png
SO ./wolftex/redbrick.png
EA ./wolftex/wood.png
WE ./wolftex/wood.png
S ./wolftex/barrel.png
C 255,200,160
F 122,122,122

11111111111111111
10000000000000001
10200000200000201
10000000000000001
10002000200020001
10000000000000001
10202020N02020201
10000000000000001
10002000200200001
10000000000000001
10200000200002001
10000000000000001
11111111111111111

PARSER OUTPUT:
[No parser output]
==========================[DESTROYED STUFF #56]==========================
./invalid_maps/invalid_tex_EA_003.cub
R 100 720
EAA ./wolftex/greystone.png
NO ./wolftex/redbrick.png
SO ./wolftex/wood.png
WE ./wolftex/wood.png
S ./wolftex/barrel.png
C 255,200,160
F 122,122,122

11111111111111111
10000000000000001
10200000200000201
10000000000000001
10002000200020001
10000000000000001
10202020N02020201
10000000000000001
10002000200200001
10000000000000001
10200000200002001
10000000000000001
11111111111111111

PARSER OUTPUT:
[No parser output]
==========================[DESTROYED STUFF #57]==========================
./invalid_maps/invalid_tex_EA_005.cub
R 100 720
EA ./woolftex/greystone.png
NO ./wolftex/redbrick.png
SO ./wolftex/wood.png
WE ./wolftex/wood.png
S ./wolftex/barrel.png
C 255,200,160
F 122,122,122

11111111111111111
10000000000000001
10200000200000201
10000000000000001
10002000200020001
10000000000000001
10202020N02020201
10000000000000001
10002000200200001
10000000000000001
10200000200002001
10000000000000001
11111111111111111

PARSER OUTPUT:
[No parser output]
==========================[DESTROYED STUFF #58]==========================
./invalid_maps/invalid_tex_EA_006.cub
R 100 720
EA ./wolftex/greystone.pngpng
NO ./wolftex/redbrick.png
SO ./wolftex/wood.png
WE ./wolftex/wood.png
S ./wolftex/barrel.png
C 255,200,160
F 122,122,122

11111111111111111
10000000000000001
10200000200000201
10000000000000001
10002000200020001
10000000000000001
10202020N02020201
10000000000000001
10002000200200001
10000000000000001
10200000200002001
10000000000000001
11111111111111111

PARSER OUTPUT:
[No parser output]
==========================[DESTROYED STUFF #59]==========================
./invalid_maps/invalid_tex_EA_007.cub
R 100 720
EA ./wolftex/greystone.pngxpm
NO ./wolftex/redbrick.png
SO ./wolftex/wood.png
WE ./wolftex/wood.png
S ./wolftex/barrel.png
C 255,200,160
F 122,122,122

11111111111111111
10000000000000001
10200000200000201
10000000000000001
10002000200020001
10000000000000001
10202020N02020201
10000000000000001
10002000200200001
10000000000000001
10200000200002001
10000000000000001
11111111111111111

PARSER OUTPUT:
[No parser output]
==========================[DESTROYED STUFF #60]==========================
./invalid_maps/invalid_tex_EA_009.cub
R 100 720
 ./wolftex/greystone.png
NO ./wolftex/redbrick.png
SO ./wolftex/wood.png
WE ./wolftex/wood.png
S ./wolftex/barrel.png
C 255,200,160
F 122,122,122

11111111111111111
10000000000000001
10200000200000201
10000000000000001
10002000200020001
10000000000000001
10202020N02020201
10000000000000001
10002000200200001
10000000000000001
10200000200002001
10000000000000001
11111111111111111

PARSER OUTPUT:
[No parser output]
==========================[DESTROYED STUFF #61]==========================
./invalid_maps/invalid_tex_EA_010.cub
R 100 720

NO ./wolftex/redbrick.png
SO ./wolftex/wood.png
WE ./wolftex/wood.png
S ./wolftex/barrel.png
C 255,200,160
F 122,122,122

11111111111111111
10000000000000001
10200000200000201
10000000000000001
10002000200020001
10000000000000001
10202020N02020201
10000000000000001
10002000200200001
10000000000000001
10200000200002001
10000000000000001
11111111111111111

PARSER OUTPUT:
[No parser output]
==========================[DESTROYED STUFF #62]==========================
./invalid_maps/invalid_tex_EA_011.cub
R 100 720
EA
NO ./wolftex/redbrick.png
SO ./wolftex/wood.png
WE ./wolftex/wood.png
S ./wolftex/barrel.png
C 255,200,160
F 122,122,122

11111111111111111
10000000000000001
10200000200000201
10000000000000001
10002000200020001
10000000000000001
10202020N02020201
10000000000000001
10002000200200001
10000000000000001
10200000200002001
10000000000000001
11111111111111111

PARSER OUTPUT:
[No parser output]
==========================[DESTROYED STUFF #63]==========================
./invalid_maps/invalid_tex_EA_015.cub
R 100 720
EA ./wolftex/    greystone.png
NO ./wolftex/redbrick.png
SO ./wolftex/wood.png
WE ./wolftex/wood.png
S ./wolftex/barrel.png
C 255,200,160
F 122,122,122

11111111111111111
10000000000000001
10200000200000201
10000000000000001
10002000200020001
10000000000000001
10202020N02020201
10000000000000001
10002000200200001
10000000000000001
10200000200002001
10000000000000001
11111111111111111

PARSER OUTPUT:
[No parser output]
==========================[DESTROYED STUFF #64]==========================
./invalid_maps/invalid_tex_EA_016.cub
R 100 720
NO ./wolftex/redbrick.png
SO ./wolftex/wood.png
WE ./wolftex/wood.png
S ./wolftex/barrel.png
C 255,200,160
F 122,122,122

11111111111111111
10000000000000001
10200000200000201
10000000000000001
10002000200020001
10000000000000001
10202020N02020201
10000000000000001
10002000200200001
10000000000000001
10200000200002001
10000000000000001
11111111111111111


EA ./wolftex/greystone.png

PARSER OUTPUT:
[No parser output]
==========================[DESTROYED STUFF #65]==========================
./invalid_maps/invalid_tex_EA_017.cub
R 100 720
EA ./wolftex/greystone.pngg
NO ./wolftex/redbrick.png
SO ./wolftex/wood.png
WE ./wolftex/wood.png
S ./wolftex/barrel.png
C 255,200,160
F 122,122,122

11111111111111111
10000000000000001
10200000200000201
10000000000000001
10002000200020001
10000000000000001
10202020N02020201
10000000000000001
10002000200200001
10000000000000001
10200000200002001
10000000000000001
11111111111111111

PARSER OUTPUT:
[No parser output]
==========================[DESTROYED STUFF #66]==========================
./invalid_maps/invalid_tex_EA_018.cub
R 100 720
EA ./wolftex/greystonepng
NO ./wolftex/redbrick.png
SO ./wolftex/wood.png
WE ./wolftex/wood.png
S ./wolftex/barrel.png
C 255,200,160
F 122,122,122

11111111111111111
10000000000000001
10200000200000201
10000000000000001
10002000200020001
10000000000000001
10202020N02020201
10000000000000001
10002000200200001
10000000000000001
10200000200002001
10000000000000001
11111111111111111

PARSER OUTPUT:
[No parser output]
==========================[DESTROYED STUFF #67]==========================
./invalid_maps/invalid_tex_EA_019.cub
R 100 720
S ./wolftex/greystone.png
EA ./wolftex/greystone.png
NO ./wolftex/redbrick.png
SO ./wolftex/wood.png
WE ./wolftex/wood.png
S ./wolftex/barrel.png
C 255,200,160
F 122,122,122

11111111111111111
10000000000000001
10200000200000201
10000000000000001
10002000200020001
10000000000000001
10202020N02020201
10000000000000001
10002000200200001
10000000000000001
10200000200002001
10000000000000001
11111111111111111

PARSER OUTPUT:
[No parser output]
==========================[DESTROYED STUFF #68]==========================
./invalid_maps/invalid_tex_EA_020.cub
R 100 720
EA ../wolftex/greystone.png
NO ./wolftex/redbrick.png
SO ./wolftex/wood.png
WE ./wolftex/wood.png
S ./wolftex/barrel.png
C 255,200,160
F 122,122,122

11111111111111111
10000000000000001
10200000200000201
10000000000000001
10002000200020001
10000000000000001
10202020N02020201
10000000000000001
10002000200200001
10000000000000001
10200000200002001
10000000000000001
11111111111111111

PARSER OUTPUT:
[No parser output]
==========================[DESTROYED STUFF #69]==========================
./invalid_maps/invalid_tex_EA_021.cub
R 100 720
EA ./wolftex/greystone.png
EA ./wolftex/greystone.png
NO ./wolftex/redbrick.png
SO ./wolftex/wood.png
WE ./wolftex/wood.png
S ./wolftex/barrel.png
C 255,200,160
F 122,122,122

11111111111111111
10000000000000001
10200000200000201
10000000000000001
10002000200020001
10000000000000001
10202020N02020201
10000000000000001
10002000200200001
10000000000000001
10200000200002001
10000000000000001
11111111111111111

PARSER OUTPUT:
[No parser output]
==========================[DESTROYED STUFF #70]==========================
./invalid_maps/invalid_tex_EA_022.cub
R 100 720
EA ./wolftex/greystone.png
NO ./wolftex/redbrick.png
SO ./wolftex/wood.png
WE ./wolftex/wood.png
S ./wolftex/barrel.png
C 255,200,160
F 122,122,122
SO ./wolftex/greystone.png

11111111111111111
10000000000000001
10200000200000201
10000000000000001
10002000200020001
10000000000000001
10202020N02020201
10000000000000001
10002000200200001
10000000000000001
10200000200002001
10000000000000001
11111111111111111

PARSER OUTPUT:
[No parser output]
==========================[DESTROYED STUFF #71]==========================
./invalid_maps/invalid_tex_NO_003.cub
R 100 720
NOO ./wolftex/greystone.png
SO ./wolftex/redbrick.png
EA ./wolftex/wood.png
WE ./wolftex/wood.png
S ./wolftex/barrel.png
C 255,200,160
F 122,122,122

11111111111111111
10000000000000001
10200000200000201
10000000000000001
10002000200020001
10000000000000001
10202020N02020201
10000000000000001
10002000200200001
10000000000000001
10200000200002001
10000000000000001
11111111111111111

PARSER OUTPUT:
[No parser output]
==========================[DESTROYED STUFF #72]==========================
./invalid_maps/invalid_tex_NO_005.cub
R 100 720
NO ./woolftex/greystone.png
SO ./wolftex/redbrick.png
EA ./wolftex/wood.png
WE ./wolftex/wood.png
S ./wolftex/barrel.png
C 255,200,160
F 122,122,122

11111111111111111
10000000000000001
10200000200000201
10000000000000001
10002000200020001
10000000000000001
10202020N02020201
10000000000000001
10002000200200001
10000000000000001
10200000200002001
10000000000000001
11111111111111111

PARSER OUTPUT:
[No parser output]
==========================[DESTROYED STUFF #73]==========================
./invalid_maps/invalid_tex_NO_006.cub
R 100 720
NO ./wolftex/greystone.pngpng
SO ./wolftex/redbrick.png
EA ./wolftex/wood.png
WE ./wolftex/wood.png
S ./wolftex/barrel.png
C 255,200,160
F 122,122,122

11111111111111111
10000000000000001
10200000200000201
10000000000000001
10002000200020001
10000000000000001
10202020N02020201
10000000000000001
10002000200200001
10000000000000001
10200000200002001
10000000000000001
11111111111111111

PARSER OUTPUT:
[No parser output]
==========================[DESTROYED STUFF #74]==========================
./invalid_maps/invalid_tex_NO_007.cub
R 100 720
NO ./wolftex/greystone.pngxpm
SO ./wolftex/redbrick.png
EA ./wolftex/wood.png
WE ./wolftex/wood.png
S ./wolftex/barrel.png
C 255,200,160
F 122,122,122

11111111111111111
10000000000000001
10200000200000201
10000000000000001
10002000200020001
10000000000000001
10202020N02020201
10000000000000001
10002000200200001
10000000000000001
10200000200002001
10000000000000001
11111111111111111

PARSER OUTPUT:
[No parser output]
==========================[DESTROYED STUFF #75]==========================
./invalid_maps/invalid_tex_NO_009.cub
R 100 720
 ./wolftex/greystone.png
SO ./wolftex/redbrick.png
EA ./wolftex/wood.png
WE ./wolftex/wood.png
S ./wolftex/barrel.png
C 255,200,160
F 122,122,122

11111111111111111
10000000000000001
10200000200000201
10000000000000001
10002000200020001
10000000000000001
10202020N02020201
10000000000000001
10002000200200001
10000000000000001
10200000200002001
10000000000000001
11111111111111111

PARSER OUTPUT:
[No parser output]
==========================[DESTROYED STUFF #76]==========================
./invalid_maps/invalid_tex_NO_010.cub
R 100 720

SO ./wolftex/redbrick.png
EA ./wolftex/wood.png
WE ./wolftex/wood.png
S ./wolftex/barrel.png
C 255,200,160
F 122,122,122

11111111111111111
10000000000000001
10200000200000201
10000000000000001
10002000200020001
10000000000000001
10202020N02020201
10000000000000001
10002000200200001
10000000000000001
10200000200002001
10000000000000001
11111111111111111

PARSER OUTPUT:
[No parser output]
==========================[DESTROYED STUFF #77]==========================
./invalid_maps/invalid_tex_NO_011.cub
R 100 720
NO
SO ./wolftex/redbrick.png
EA ./wolftex/wood.png
WE ./wolftex/wood.png
S ./wolftex/barrel.png
C 255,200,160
F 122,122,122

11111111111111111
10000000000000001
10200000200000201
10000000000000001
10002000200020001
10000000000000001
10202020N02020201
10000000000000001
10002000200200001
10000000000000001
10200000200002001
10000000000000001
11111111111111111

PARSER OUTPUT:
[No parser output]
==========================[DESTROYED STUFF #78]==========================
./invalid_maps/invalid_tex_NO_015.cub
R 100 720
NO ./wolftex/    greystone.png
SO ./wolftex/redbrick.png
EA ./wolftex/wood.png
WE ./wolftex/wood.png
S ./wolftex/barrel.png
C 255,200,160
F 122,122,122

11111111111111111
10000000000000001
10200000200000201
10000000000000001
10002000200020001
10000000000000001
10202020N02020201
10000000000000001
10002000200200001
10000000000000001
10200000200002001
10000000000000001
11111111111111111

PARSER OUTPUT:
[No parser output]
==========================[DESTROYED STUFF #79]==========================
./invalid_maps/invalid_tex_NO_016.cub
R 100 720
SO ./wolftex/redbrick.png
EA ./wolftex/wood.png
WE ./wolftex/wood.png
S ./wolftex/barrel.png
C 255,200,160
F 122,122,122

11111111111111111
10000000000000001
10200000200000201
10000000000000001
10002000200020001
10000000000000001
10202020N02020201
10000000000000001
10002000200200001
10000000000000001
10200000200002001
10000000000000001
11111111111111111
NO ./wolftex/greystone.png

PARSER OUTPUT:
[No parser output]
==========================[DESTROYED STUFF #80]==========================
./invalid_maps/invalid_tex_NO_017.cub
R 100 720
NO ./wolftex/greystone.pngg
SO ./wolftex/redbrick.png
EA ./wolftex/wood.png
WE ./wolftex/wood.png
S ./wolftex/barrel.png
C 255,200,160
F 122,122,122

11111111111111111
10000000000000001
10200000200000201
10000000000000001
10002000200020001
10000000000000001
10202020N02020201
10000000000000001
10002000200200001
10000000000000001
10200000200002001
10000000000000001
11111111111111111

PARSER OUTPUT:
[No parser output]
==========================[DESTROYED STUFF #81]==========================
./invalid_maps/invalid_tex_NO_018.cub
R 100 720
NO ./wolftex/greystonepng
SO ./wolftex/redbrick.png
EA ./wolftex/wood.png
WE ./wolftex/wood.png
S ./wolftex/barrel.png
C 255,200,160
F 122,122,122

11111111111111111
10000000000000001
10200000200000201
10000000000000001
10002000200020001
10000000000000001
10202020N02020201
10000000000000001
10002000200200001
10000000000000001
10200000200002001
10000000000000001
11111111111111111

PARSER OUTPUT:
[No parser output]
==========================[DESTROYED STUFF #82]==========================
./invalid_maps/invalid_tex_NO_020.cub
R 100 720
NO ../wolftex/greystone.png
SO ./wolftex/redbrick.png
EA ./wolftex/wood.png
WE ./wolftex/wood.png
S ./wolftex/barrel.png
C 255,200,160
F 122,122,122

11111111111111111
10000000000000001
10200000200000201
10000000000000001
10002000200020001
10000000000000001
10202020N02020201
10000000000000001
10002000200200001
10000000000000001
10200000200002001
10000000000000001
11111111111111111

PARSER OUTPUT:
[No parser output]
==========================[DESTROYED STUFF #83]==========================
./invalid_maps/invalid_tex_NO_021.cub
R 100 720
NO ./wolftex/greystone.png
NO ./wolftex/greystone.png
SO ./wolftex/redbrick.png
EA ./wolftex/wood.png
WE ./wolftex/wood.png
S ./wolftex/barrel.png
C 255,200,160
F 122,122,122

11111111111111111
10000000000000001
10200000200000201
10000000000000001
10002000200020001
10000000000000001
10202020N02020201
10000000000000001
10002000200200001
10000000000000001
10200000200002001
10000000000000001
11111111111111111

PARSER OUTPUT:
[No parser output]
==========================[DESTROYED STUFF #84]==========================
./invalid_maps/invalid_tex_NO_022.cub
R 100 720
NO ./wolftex/greystone.png
SO ./wolftex/redbrick.png
EA ./wolftex/wood.png
WE ./wolftex/wood.png
S ./wolftex/barrel.png
C 255,200,160
F 122,122,122
NO ./wolftex/greystone.png

11111111111111111
10000000000000001
10200000200000201
10000000000000001
10002000200020001
10000000000000001
10202020N02020201
10000000000000001
10002000200200001
10000000000000001
10200000200002001
10000000000000001
11111111111111111

PARSER OUTPUT:
[No parser output]
==========================[DESTROYED STUFF #85]==========================
./invalid_maps/invalid_tex_SO_002.cub
R 100 720
S ./wolftex/greystone.png
NO ./wolftex/redbrick.png
EA ./wolftex/wood.png
WE ./wolftex/wood.png
S ./wolftex/barrel.png
C 255,200,160
F 122,122,122

11111111111111111
10000000000000001
10200000200000201
10000000000000001
10002000200020001
10000000000000001
10202020N02020201
10000000000000001
10002000200200001
10000000000000001
10200000200002001
10000000000000001
11111111111111111

PARSER OUTPUT:
[No parser output]
==========================[DESTROYED STUFF #86]==========================
./invalid_maps/invalid_tex_SO_003.cub
R 100 720
SOO ./wolftex/greystone.png
NO ./wolftex/redbrick.png
EA ./wolftex/wood.png
WE ./wolftex/wood.png
S ./wolftex/barrel.png
C 255,200,160
F 122,122,122

11111111111111111
10000000000000001
10200000200000201
10000000000000001
10002000200020001
10000000000000001
10202020N02020201
10000000000000001
10002000200200001
10000000000000001
10200000200002001
10000000000000001
11111111111111111

PARSER OUTPUT:
[No parser output]
==========================[DESTROYED STUFF #87]==========================
./invalid_maps/invalid_tex_SO_005.cub
R 100 720
SO ./woolftex/greystone.png
NO ./wolftex/redbrick.png
EA ./wolftex/wood.png
WE ./wolftex/wood.png
S ./wolftex/barrel.png
C 255,200,160
F 122,122,122

11111111111111111
10000000000000001
10200000200000201
10000000000000001
10002000200020001
10000000000000001
10202020N02020201
10000000000000001
10002000200200001
10000000000000001
10200000200002001
10000000000000001
11111111111111111

PARSER OUTPUT:
[No parser output]
==========================[DESTROYED STUFF #88]==========================
./invalid_maps/invalid_tex_SO_006.cub
R 100 720
SO ./wolftex/greystone.pngpng
NO ./wolftex/redbrick.png
EA ./wolftex/wood.png
WE ./wolftex/wood.png
S ./wolftex/barrel.png
C 255,200,160
F 122,122,122

11111111111111111
10000000000000001
10200000200000201
10000000000000001
10002000200020001
10000000000000001
10202020N02020201
10000000000000001
10002000200200001
10000000000000001
10200000200002001
10000000000000001
11111111111111111

PARSER OUTPUT:
[No parser output]
==========================[DESTROYED STUFF #89]==========================
./invalid_maps/invalid_tex_SO_007.cub
R 100 720
SO ./wolftex/greystone.pngxpm
NO ./wolftex/redbrick.png
EA ./wolftex/wood.png
WE ./wolftex/wood.png
S ./wolftex/barrel.png
C 255,200,160
F 122,122,122

11111111111111111
10000000000000001
10200000200000201
10000000000000001
10002000200020001
10000000000000001
10202020N02020201
10000000000000001
10002000200200001
10000000000000001
10200000200002001
10000000000000001
11111111111111111

PARSER OUTPUT:
[No parser output]
==========================[DESTROYED STUFF #90]==========================
./invalid_maps/invalid_tex_SO_009.cub
R 100 720
 ./wolftex/greystone.png
NO ./wolftex/redbrick.png
EA ./wolftex/wood.png
WE ./wolftex/wood.png
S ./wolftex/barrel.png
C 255,200,160
F 122,122,122

11111111111111111
10000000000000001
10200000200000201
10000000000000001
10002000200020001
10000000000000001
10202020N02020201
10000000000000001
10002000200200001
10000000000000001
10200000200002001
10000000000000001
11111111111111111

PARSER OUTPUT:
[No parser output]
==========================[DESTROYED STUFF #91]==========================
./invalid_maps/invalid_tex_SO_010.cub
R 100 720

NO ./wolftex/redbrick.png
EA ./wolftex/wood.png
WE ./wolftex/wood.png
S ./wolftex/barrel.png
C 255,200,160
F 122,122,122

11111111111111111
10000000000000001
10200000200000201
10000000000000001
10002000200020001
10000000000000001
10202020N02020201
10000000000000001
10002000200200001
10000000000000001
10200000200002001
10000000000000001
11111111111111111

PARSER OUTPUT:
[No parser output]
==========================[DESTROYED STUFF #92]==========================
./invalid_maps/invalid_tex_SO_011.cub
R 100 720
SO
NO ./wolftex/redbrick.png
EA ./wolftex/wood.png
WE ./wolftex/wood.png
S ./wolftex/barrel.png
C 255,200,160
F 122,122,122

11111111111111111
10000000000000001
10200000200000201
10000000000000001
10002000200020001
10000000000000001
10202020N02020201
10000000000000001
10002000200200001
10000000000000001
10200000200002001
10000000000000001
11111111111111111

PARSER OUTPUT:
[No parser output]
==========================[DESTROYED STUFF #93]==========================
./invalid_maps/invalid_tex_SO_015.cub
R 100 720
SO ./wolftex/    greystone.png
NO ./wolftex/redbrick.png
EA ./wolftex/wood.png
WE ./wolftex/wood.png
S ./wolftex/barrel.png
C 255,200,160
F 122,122,122

11111111111111111
10000000000000001
10200000200000201
10000000000000001
10002000200020001
10000000000000001
10202020N02020201
10000000000000001
10002000200200001
10000000000000001
10200000200002001
10000000000000001
11111111111111111

PARSER OUTPUT:
[No parser output]
==========================[DESTROYED STUFF #94]==========================
./invalid_maps/invalid_tex_SO_016.cub
R 100 720
NO ./wolftex/redbrick.png
EA ./wolftex/wood.png
WE ./wolftex/wood.png
S ./wolftex/barrel.png
C 255,200,160
F 122,122,122

11111111111111111
10000000000000001
10200000200000201
10000000000000001
10002000200020001
10000000000000001
10202020N02020201
10000000000000001
10002000200200001
10000000000000001
10200000200002001
10000000000000001
11111111111111111


SO ./wolftex/greystone.png

PARSER OUTPUT:
[No parser output]
==========================[DESTROYED STUFF #95]==========================
./invalid_maps/invalid_tex_SO_017.cub
R 100 720
SO ./wolftex/greystone.pngg
NO ./wolftex/redbrick.png
EA ./wolftex/wood.png
WE ./wolftex/wood.png
S ./wolftex/barrel.png
C 255,200,160
F 122,122,122

11111111111111111
10000000000000001
10200000200000201
10000000000000001
10002000200020001
10000000000000001
10202020N02020201
10000000000000001
10002000200200001
10000000000000001
10200000200002001
10000000000000001
11111111111111111

PARSER OUTPUT:
[No parser output]
==========================[DESTROYED STUFF #96]==========================
./invalid_maps/invalid_tex_SO_018.cub
R 100 720
SO ./wolftex/greystonepng
NO ./wolftex/redbrick.png
EA ./wolftex/wood.png
WE ./wolftex/wood.png
S ./wolftex/barrel.png
C 255,200,160
F 122,122,122

11111111111111111
10000000000000001
10200000200000201
10000000000000001
10002000200020001
10000000000000001
10202020N02020201
10000000000000001
10002000200200001
10000000000000001
10200000200002001
10000000000000001
11111111111111111

PARSER OUTPUT:
[No parser output]
==========================[DESTROYED STUFF #97]==========================
./invalid_maps/invalid_tex_SO_019.cub
R 100 720
S ./wolftex/greystone.png
SO ./wolftex/greystone.png
NO ./wolftex/redbrick.png
EA ./wolftex/wood.png
WE ./wolftex/wood.png
S ./wolftex/barrel.png
C 255,200,160
F 122,122,122

11111111111111111
10000000000000001
10200000200000201
10000000000000001
10002000200020001
10000000000000001
10202020N02020201
10000000000000001
10002000200200001
10000000000000001
10200000200002001
10000000000000001
11111111111111111

PARSER OUTPUT:
[No parser output]
==========================[DESTROYED STUFF #98]==========================
./invalid_maps/invalid_tex_SO_020.cub
R 100 720
SO ../wolftex/greystone.png
NO ./wolftex/redbrick.png
EA ./wolftex/wood.png
WE ./wolftex/wood.png
S ./wolftex/barrel.png
C 255,200,160
F 122,122,122

11111111111111111
10000000000000001
10200000200000201
10000000000000001
10002000200020001
10000000000000001
10202020N02020201
10000000000000001
10002000200200001
10000000000000001
10200000200002001
10000000000000001
11111111111111111

PARSER OUTPUT:
[No parser output]
==========================[DESTROYED STUFF #99]==========================
./invalid_maps/invalid_tex_SO_021.cub
R 100 720
SO ./wolftex/greystone.png
SO ./wolftex/greystone.png
NO ./wolftex/redbrick.png
EA ./wolftex/wood.png
WE ./wolftex/wood.png
S ./wolftex/barrel.png
C 255,200,160
F 122,122,122

11111111111111111
10000000000000001
10200000200000201
10000000000000001
10002000200020001
10000000000000001
10202020N02020201
10000000000000001
10002000200200001
10000000000000001
10200000200002001
10000000000000001
11111111111111111

PARSER OUTPUT:
[No parser output]
==========================[DESTROYED STUFF #100]==========================
./invalid_maps/invalid_tex_SO_022.cub
R 100 720
SO ./wolftex/greystone.png
NO ./wolftex/redbrick.png
EA ./wolftex/wood.png
WE ./wolftex/wood.png
S ./wolftex/barrel.png
C 255,200,160
F 122,122,122
SO ./wolftex/greystone.png

11111111111111111
10000000000000001
10200000200000201
10000000000000001
10002000200020001
10000000000000001
10202020N02020201
10000000000000001
10002000200200001
10000000000000001
10200000200002001
10000000000000001
11111111111111111

PARSER OUTPUT:
[No parser output]
==========================[DESTROYED STUFF #101]==========================
./invalid_maps/invalid_tex_WE_003.cub
R 100 720
WEE ./wolftex/greystone.png
SO ./wolftex/redbrick.png
EA ./wolftex/wood.png
NO ./wolftex/wood.png
S ./wolftex/barrel.png
C 255,200,160
F 122,122,122

11111111111111111
10000000000000001
10200000200000201
10000000000000001
10002000200020001
10000000000000001
10202020N02020201
10000000000000001
10002000200200001
10000000000000001
10200000200002001
10000000000000001
11111111111111111

PARSER OUTPUT:
[No parser output]
==========================[DESTROYED STUFF #102]==========================
./invalid_maps/invalid_tex_WE_005.cub
R 100 720
WE ./woolftex/greystone.png
SO ./wolftex/redbrick.png
EA ./wolftex/wood.png
NO ./wolftex/wood.png
S ./wolftex/barrel.png
C 255,200,160
F 122,122,122

11111111111111111
10000000000000001
10200000200000201
10000000000000001
10002000200020001
10000000000000001
10202020N02020201
10000000000000001
10002000200200001
10000000000000001
10200000200002001
10000000000000001
11111111111111111

PARSER OUTPUT:
[No parser output]
==========================[DESTROYED STUFF #103]==========================
./invalid_maps/invalid_tex_WE_006.cub
R 100 720
WE ./wolftex/greystone.pngpng
SO ./wolftex/redbrick.png
EA ./wolftex/wood.png
NO ./wolftex/wood.png
S ./wolftex/barrel.png
C 255,200,160
F 122,122,122

11111111111111111
10000000000000001
10200000200000201
10000000000000001
10002000200020001
10000000000000001
10202020N02020201
10000000000000001
10002000200200001
10000000000000001
10200000200002001
10000000000000001
11111111111111111

PARSER OUTPUT:
[No parser output]
==========================[DESTROYED STUFF #104]==========================
./invalid_maps/invalid_tex_WE_007.cub
R 100 720
WE ./wolftex/greystone.pngxpm
SO ./wolftex/redbrick.png
EA ./wolftex/wood.png
NO ./wolftex/wood.png
S ./wolftex/barrel.png
C 255,200,160
F 122,122,122

11111111111111111
10000000000000001
10200000200000201
10000000000000001
10002000200020001
10000000000000001
10202020N02020201
10000000000000001
10002000200200001
10000000000000001
10200000200002001
10000000000000001
11111111111111111

PARSER OUTPUT:
[No parser output]
==========================[DESTROYED STUFF #105]==========================
./invalid_maps/invalid_tex_WE_009.cub
R 100 720
 ./wolftex/greystone.png
SO ./wolftex/redbrick.png
EA ./wolftex/wood.png
NO ./wolftex/wood.png
S ./wolftex/barrel.png
C 255,200,160
F 122,122,122

11111111111111111
10000000000000001
10200000200000201
10000000000000001
10002000200020001
10000000000000001
10202020N02020201
10000000000000001
10002000200200001
10000000000000001
10200000200002001
10000000000000001
11111111111111111

PARSER OUTPUT:
[No parser output]
==========================[DESTROYED STUFF #106]==========================
./invalid_maps/invalid_tex_WE_010.cub
R 100 720

SO ./wolftex/redbrick.png
EA ./wolftex/wood.png
NO ./wolftex/wood.png
S ./wolftex/barrel.png
C 255,200,160
F 122,122,122

11111111111111111
10000000000000001
10200000200000201
10000000000000001
10002000200020001
10000000000000001
10202020N02020201
10000000000000001
10002000200200001
10000000000000001
10200000200002001
10000000000000001
11111111111111111

PARSER OUTPUT:
[No parser output]
==========================[DESTROYED STUFF #107]==========================
./invalid_maps/invalid_tex_WE_011.cub
R 100 720
WE
SO ./wolftex/redbrick.png
EA ./wolftex/wood.png
NO ./wolftex/wood.png
S ./wolftex/barrel.png
C 255,200,160
F 122,122,122

11111111111111111
10000000000000001
10200000200000201
10000000000000001
10002000200020001
10000000000000001
10202020N02020201
10000000000000001
10002000200200001
10000000000000001
10200000200002001
10000000000000001
11111111111111111

PARSER OUTPUT:
[No parser output]
==========================[DESTROYED STUFF #108]==========================
./invalid_maps/invalid_tex_WE_015.cub
R 100 720
WE ./wolftex/    greystone.png
SO ./wolftex/redbrick.png
EA ./wolftex/wood.png
NO ./wolftex/wood.png
S ./wolftex/barrel.png
C 255,200,160
F 122,122,122

11111111111111111
10000000000000001
10200000200000201
10000000000000001
10002000200020001
10000000000000001
10202020N02020201
10000000000000001
10002000200200001
10000000000000001
10200000200002001
10000000000000001
11111111111111111

PARSER OUTPUT:
[No parser output]
==========================[DESTROYED STUFF #109]==========================
./invalid_maps/invalid_tex_WE_016.cub
R 100 720
SO ./wolftex/redbrick.png
EA ./wolftex/wood.png
NO ./wolftex/wood.png
S ./wolftex/barrel.png
C 255,200,160
F 122,122,122

11111111111111111
10000000000000001
10200000200000201
10000000000000001
10002000200020001
10000000000000001
10202020N02020201
10000000000000001
10002000200200001
10000000000000001
10200000200002001
10000000000000001
11111111111111111
WE ./wolftex/greystone.png

PARSER OUTPUT:
[No parser output]
==========================[DESTROYED STUFF #110]==========================
./invalid_maps/invalid_tex_WE_017.cub
R 100 720
WE ./wolftex/greystone.pngg
SO ./wolftex/redbrick.png
EA ./wolftex/wood.png
NO ./wolftex/wood.png
S ./wolftex/barrel.png
C 255,200,160
F 122,122,122

11111111111111111
10000000000000001
10200000200000201
10000000000000001
10002000200020001
10000000000000001
10202020N02020201
10000000000000001
10002000200200001
10000000000000001
10200000200002001
10000000000000001
11111111111111111

PARSER OUTPUT:
[No parser output]
==========================[DESTROYED STUFF #111]==========================
./invalid_maps/invalid_tex_WE_018.cub
R 100 720
WE ./wolftex/greystonepng
SO ./wolftex/redbrick.png
EA ./wolftex/wood.png
NO ./wolftex/wood.png
S ./wolftex/barrel.png
C 255,200,160
F 122,122,122

11111111111111111
10000000000000001
10200000200000201
10000000000000001
10002000200020001
10000000000000001
10202020N02020201
10000000000000001
10002000200200001
10000000000000001
10200000200002001
10000000000000001
11111111111111111

PARSER OUTPUT:
[No parser output]
==========================[DESTROYED STUFF #112]==========================
./invalid_maps/invalid_tex_WE_020.cub
R 100 720
WE ../wolftex/greystone.png
SO ./wolftex/redbrick.png
EA ./wolftex/wood.png
NO ./wolftex/wood.png
S ./wolftex/barrel.png
C 255,200,160
F 122,122,122

11111111111111111
10000000000000001
10200000200000201
10000000000000001
10002000200020001
10000000000000001
10202020N02020201
10000000000000001
10002000200200001
10000000000000001
10200000200002001
10000000000000001
11111111111111111

PARSER OUTPUT:
[No parser output]
==========================[DESTROYED STUFF #113]==========================
./invalid_maps/invalid_tex_WE_021.cub
R 100 720
WE ./wolftex/greystone.png
WE ./wolftex/greystone.png
SO ./wolftex/redbrick.png
EA ./wolftex/wood.png
NO ./wolftex/wood.png
S ./wolftex/barrel.png
C 255,200,160
F 122,122,122

11111111111111111
10000000000000001
10200000200000201
10000000000000001
10002000200020001
10000000000000001
10202020N02020201
10000000000000001
10002000200200001
10000000000000001
10200000200002001
10000000000000001
11111111111111111

PARSER OUTPUT:
[No parser output]
==========================[DESTROYED STUFF #114]==========================
./invalid_maps/invalid_tex_WE_022.cub
R 100 720
WE ./wolftex/greystone.png
SO ./wolftex/redbrick.png
EA ./wolftex/wood.png
NO ./wolftex/wood.png
S ./wolftex/barrel.png
C 255,200,160
F 122,122,122
WE ./wolftex/greystone.png

11111111111111111
10000000000000001
10200000200000201
10000000000000001
10002000200020001
10000000000000001
10202020N02020201
10000000000000001
10002000200200001
10000000000000001
10200000200002001
10000000000000001
11111111111111111

PARSER OUTPUT:
[No parser output]
==========================[DESTROYED STUFF #115]==========================
valid_maps/valid_RGB_005.cub
R 1080 720
NO ./wolftex/greystone.png
SO ./wolftex/redbrick.png
EA ./wolftex/wood.png
WE ./wolftex/wood.png
S ./wolftex/barrel.png
C 255                                                       ,200,160
F 122,122,  122

11111111111111111
10000000000000001
10200000200000201
10000000000000001
10002000200020001
10000000000000001
10202020N02020201
10000000000000001
10002000200200001
10000000000000001
10200000200002001
10000000000000001
11111111111111111

PARSER OUTPUT:
Error
==========================[DESTROYED STUFF #116]==========================
valid_maps/valid_RGB_010.cub
R 1080 720
NO ./wolftex/greystone.png
SO ./wolftex/redbrick.png
EA ./wolftex/wood.png
WE ./wolftex/wood.png
S ./wolftex/barrel.png
C 255,200,                                                      160             
F                                       122         ,           122             ,           122

11111111111111111
10000000000000001
10200000200000201
10000000000000001
10002000200020001
10000000000000001
10202020N02020201
10000000000000001
10002000200200001
10000000000000001
10200000200002001
10000000000000001
11111111111111111

PARSER OUTPUT:
Error
==========================[DESTROYED STUFF #117]==========================
valid_maps/valid_RGB_011.cub
                                    C               255             ,               200             ,                           160
R 1080 720
NO ./wolftex/greystone.png
SO ./wolftex/redbrick.png
EA ./wolftex/wood.png
WE ./wolftex/wood.png
S ./wolftex/barrel.png
F 122,122,122

11111111111111111
10000000000000001
10200000200000201
10000000000000001
10002000200020001
10000000000000001
10202020N02020201
10000000000000001
10002000200200001
10000000000000001
10200000200002001
10000000000000001
11111111111111111

PARSER OUTPUT:
Error
==========================[DESTROYED STUFF #118]==========================
valid_maps/valid_tex_042.cub
                                                                                                                                                                                                                                                                                                                                                                                                                                                                                                                                                                                                                                                                                                                                                                                                                                                            WE                                                                                                                   ./wolftex/wood.png
                                                                                                                                                                                                                                                                                                                                                                                                                                                                                                                                                                                                                                                                                                                                                                                                                                                        
                                                                                                                                                                                                                                                                                                                                                                                                                                                                                                                                                                                                                                                                                                                                                                                                                                                                    SO                                                                         ./wolftex/redbrick.png
                                                                                                                                                                                                                                                                                                                                                                                                                                                                                                                                                                                                                                                                                                                                                                                                                                                                             F                                  122                    ,                       122,                    122
                                                                                                                                                                                                                                                                                                                                                                                                                                                                                                                                                                                                                                                                                                                                                                                                                                                                                        NO                                                                             ./wolftex/greystone.png
                                                                                                                                                                                                                                                                                                                                                                                                                                                                                                                                                                                                                                                                                                                                                                                                                                                            S                                                           ./wolftex/barrel.png
                                                                                                                                                                                                                                                                                                                                                                                                                                                                                                                                                                                                                                                                                                                                                                                                                                                                                                                           R                                                     1080                  720
                                                                                                                                                                                                                                                                                                                                                                                                                                                                                                                                                                                                                                                                                                                                                                                                                                                                                                                                     EA                                                                                           ./wolftex/wood.png
                                                                                                                                                                                                                                                                                                                                                                                                                                                                                                                                                                                                                                                                                                                                                                                                                                                        
                                                                                                                                                                                                                                                                                                                                                                                                                                                                                                                                                                                                                                                                                                                                                                                                                                                                                 C                                           255                                                                                            ,200,160
11111111111111111
10000000000000001
10200000200000201
10000000000000001
10002000200020001
10000000000000001
10202020N02020201
10000000000000001
10002000200200001
10000000000000001
10200000200002001
10000000000000001
11111111111111111

PARSER OUTPUT:
Error
==========================[DESTROYED STUFF #119]==========================
valid_maps/valid_tex_048.cub
     WE                                                                                                                   ./wolftex/wood.png

             SO                                                                         ./wolftex/redbrick.png
                      F                                  122                    ,                       122,                    122
                                 NO                                                                             ./wolftex/greystone.png
     S                                                           ./wolftex/barrel.png
                                                                    R                                                     1080                  720
                                                                              EA                                                                                           ./wolftex/wood.png

                          C                                           255                                                                                            ,200,160
11111111111111111
10000000000000001
10200000200000201
10000000000000001
10002000200020001
10000000000000001
10202020N02020201
10000000000000001
10002000200200001
10000000000000001
10200000200002001
10000000000000001
11111111111111111

PARSER OUTPUT:
Error
